This is pdfeTeX, Version 3.141592-1.30.6-2.2 (MiKTeX 2.5) (preloaded format=pdflatex 2006.9.2)  14 DEC 2006 16:12
entering extended mode
**C:/Documents*and*Settings/matt/Desktop/usmdiss_html/DISSc.tex
("C:\Documents and Settings\matt\Desktop\usmdiss_html\DISSc.tex"
LaTeX2e <2005/12/01>
Babel <v3.8g> and hyphenation patterns for english, dumylang, nohyphenation, ge
rman, ngerman, french, loaded.
(dissertation_usm.cls
Document Class: dissertation_usm 
("C:\Program Files\MiKTeX 2.5\tex\latex\base\bk12.clo"
File: bk12.clo 2005/09/16 v1.4f Standard LaTeX file (size option)
)
\c@part=\count79
\c@chapter=\count80
\c@section=\count81
\c@subsection=\count82
\c@subsubsection=\count83
\c@paragraph=\count84
\c@subparagraph=\count85
\c@figure=\count86
\c@table=\count87
\abovecaptionskip=\skip41
\belowcaptionskip=\skip42
\bibindent=\dimen102
)
("C:\Program Files\MiKTeX 2.5\tex\latex\graphics\graphicx.sty"
Package: graphicx 1999/02/16 v1.0f Enhanced LaTeX Graphics (DPC,SPQR)

("C:\Program Files\MiKTeX 2.5\tex\latex\graphics\keyval.sty"
Package: keyval 1999/03/16 v1.13 key=value parser (DPC)
\KV@toks@=\toks14
)
("C:\Program Files\MiKTeX 2.5\tex\latex\graphics\graphics.sty"
Package: graphics 2006/02/20 v1.0o Standard LaTeX Graphics (DPC,SPQR)

("C:\Program Files\MiKTeX 2.5\tex\latex\graphics\trig.sty"
Package: trig 1999/03/16 v1.09 sin cos tan (DPC)
)
("C:\Program Files\MiKTeX 2.5\tex\latex\00miktex\graphics.cfg"
File: graphics.cfg 2005/12/29 v1.2 MiKTeX 'graphics' configuration
)
Package graphics Info: Driver file: pdftex.def on input line 90.

("C:\Program Files\MiKTeX 2.5\tex\latex\graphics\pdftex.def"
File: pdftex.def 2006/08/14 v0.03t Graphics/color for pdfTeX
\Gread@gobject=\count88
))
\Gin@req@height=\dimen103
\Gin@req@width=\dimen104
)
("C:\Program Files\MiKTeX 2.5\tex\latex\amsfonts\amssymb.sty"
Package: amssymb 2002/01/22 v2.2d

("C:\Program Files\MiKTeX 2.5\tex\latex\amsfonts\amsfonts.sty"
Package: amsfonts 2001/10/25 v2.2f
\@emptytoks=\toks15
\symAMSa=\mathgroup4
\symAMSb=\mathgroup5
LaTeX Font Info:    Overwriting math alphabet `\mathfrak' in version `bold'
(Font)                  U/euf/m/n --> U/euf/b/n on input line 132.
))
("C:\Program Files\MiKTeX 2.5\tex\latex\amsmath\amsmath.sty"
Package: amsmath 2000/07/18 v2.13 AMS math features
\@mathmargin=\skip43

For additional information on amsmath, use the `?' option.
("C:\Program Files\MiKTeX 2.5\tex\latex\amsmath\amstext.sty"
Package: amstext 2000/06/29 v2.01

("C:\Program Files\MiKTeX 2.5\tex\latex\amsmath\amsgen.sty"
File: amsgen.sty 1999/11/30 v2.0
\@emptytoks=\toks16
\ex@=\dimen105
))
("C:\Program Files\MiKTeX 2.5\tex\latex\amsmath\amsbsy.sty"
Package: amsbsy 1999/11/29 v1.2d
\pmbraise@=\dimen106
)
("C:\Program Files\MiKTeX 2.5\tex\latex\amsmath\amsopn.sty"
Package: amsopn 1999/12/14 v2.01 operator names
)
\inf@bad=\count89
LaTeX Info: Redefining \frac on input line 211.
\uproot@=\count90
\leftroot@=\count91
LaTeX Info: Redefining \overline on input line 307.
\classnum@=\count92
\DOTSCASE@=\count93
LaTeX Info: Redefining \ldots on input line 379.
LaTeX Info: Redefining \dots on input line 382.
LaTeX Info: Redefining \cdots on input line 467.
\Mathstrutbox@=\box26
\strutbox@=\box27
\big@size=\dimen107
LaTeX Font Info:    Redeclaring font encoding OML on input line 567.
LaTeX Font Info:    Redeclaring font encoding OMS on input line 568.
\macc@depth=\count94
\c@MaxMatrixCols=\count95
\dotsspace@=\muskip10
\c@parentequation=\count96
\dspbrk@lvl=\count97
\tag@help=\toks17
\row@=\count98
\column@=\count99
\maxfields@=\count100
\andhelp@=\toks18
\eqnshift@=\dimen108
\alignsep@=\dimen109
\tagshift@=\dimen110
\tagwidth@=\dimen111
\totwidth@=\dimen112
\lineht@=\dimen113
\@envbody=\toks19
\multlinegap=\skip44
\multlinetaggap=\skip45
\mathdisplay@stack=\toks20
LaTeX Info: Redefining \[ on input line 2666.
LaTeX Info: Redefining \] on input line 2667.
)
("C:\Program Files\MiKTeX 2.5\tex\latex\amscls\amsthm.sty"
Package: amsthm 2004/08/06 v2.20
\thm@style=\toks21
\thm@bodyfont=\toks22
\thm@headfont=\toks23
\thm@notefont=\toks24
\thm@headpunct=\toks25
\thm@preskip=\skip46
\thm@postskip=\skip47
\thm@headsep=\skip48
\dth@everypar=\toks26
)
("C:\Program Files\MiKTeX 2.5\tex\latex\amsfonts\eucal.sty"
Package: eucal 2001/10/01 v2.2d Euler Script fonts
LaTeX Font Info:    Overwriting math alphabet `\EuScript' in version `bold'
(Font)                  U/eus/m/n --> U/eus/b/n on input line 55.
)
("C:\Program Files\MiKTeX 2.5\tex\latex\psnfss\mathptm.sty"
Package: mathptm 2005/04/12 PSNFSS-v9.2a Times w/ Math (SPQR, WaS) 


Package mathptm Warning: This package is to be regarded as obsolete.
(mathptm)                See the PSNFSS documentation.

LaTeX Font Info:    Redeclaring symbol font `operators' on input line 31.
LaTeX Font Info:    Overwriting symbol font `operators' in version `normal'
(Font)                  OT1/cmr/m/n --> OT1/ptmcm/m/n on input line 31.
LaTeX Font Info:    Overwriting symbol font `operators' in version `bold'
(Font)                  OT1/cmr/bx/n --> OT1/ptmcm/m/n on input line 31.
LaTeX Font Info:    Redeclaring symbol font `letters' on input line 32.
LaTeX Font Info:    Overwriting symbol font `letters' in version `normal'
(Font)                  OML/cmm/m/it --> OML/ptmcm/m/it on input line 32.
LaTeX Font Info:    Overwriting symbol font `letters' in version `bold'
(Font)                  OML/cmm/b/it --> OML/ptmcm/m/it on input line 32.
LaTeX Font Info:    Redeclaring symbol font `symbols' on input line 33.
LaTeX Font Info:    Overwriting symbol font `symbols' in version `normal'
(Font)                  OMS/cmsy/m/n --> OMS/pzccm/m/n on input line 33.
LaTeX Font Info:    Overwriting symbol font `symbols' in version `bold'
(Font)                  OMS/cmsy/b/n --> OMS/pzccm/m/n on input line 33.
LaTeX Font Info:    Redeclaring symbol font `largesymbols' on input line 34.
LaTeX Font Info:    Overwriting symbol font `largesymbols' in version `normal'
(Font)                  OMX/cmex/m/n --> OMX/psycm/m/n on input line 34.
LaTeX Font Info:    Overwriting symbol font `largesymbols' in version `bold'
(Font)                  OMX/cmex/m/n --> OMX/psycm/m/n on input line 34.
\symbold=\mathgroup6
\symitalic=\mathgroup7
LaTeX Font Info:    Redeclaring math alphabet \mathbf on input line 37.
LaTeX Font Info:    Overwriting math alphabet `\mathbf' in version `normal'
(Font)                  OT1/cmr/bx/n --> OT1/ptm/bx/n on input line 37.
LaTeX Font Info:    Overwriting math alphabet `\mathbf' in version `bold'
(Font)                  OT1/cmr/bx/n --> OT1/ptm/bx/n on input line 37.
LaTeX Font Info:    Redeclaring math alphabet \mathit on input line 38.
LaTeX Font Info:    Overwriting math alphabet `\mathit' in version `normal'
(Font)                  OT1/cmr/m/it --> OT1/ptm/m/it on input line 38.
LaTeX Font Info:    Overwriting math alphabet `\mathit' in version `bold'
(Font)                  OT1/cmr/bx/it --> OT1/ptm/m/it on input line 38.
) (nomencl.sty
Package: nomencl 1999/11/23 v2.9 Nomenclature package (BS)
\nomlabelwidth=\dimen114
\nom@tempdim=\dimen115
\nomitemsep=\skip49
) ("C:\Program Files\MiKTeX 2.5\tex\latex\graphics\color.sty"
Package: color 2005/11/14 v1.0j Standard LaTeX Color (DPC)

("C:\Program Files\MiKTeX 2.5\tex\latex\00miktex\color.cfg"
File: color.cfg 2005/12/29 v1.1 MiKTeX 'color' configuration
)
Package color Info: Driver file: pdftex.def on input line 130.
)
("C:\Program Files\MiKTeX 2.5\tex\generic\epsf\epsf.tex"
This is `epsf.tex' v2.7.3 <23 July 2005>
\epsffilein=\read1
\epsfframemargin=\dimen116
\epsfframethickness=\dimen117
\epsfrsize=\dimen118
\epsftmp=\dimen119
\epsftsize=\dimen120
\epsfxsize=\dimen121
\epsfysize=\dimen122
\pspoints=\dimen123
) (preamble\DISS_pream.tex
LaTeX Font Info:    Redeclaring symbol font `AMSb' on input line 40.
LaTeX Font Info:    Overwriting symbol font `AMSb' in version `normal'
(Font)                  U/msb/m/n --> U/msb/m/n on input line 40.
LaTeX Font Info:    Overwriting symbol font `AMSb' in version `bold'
(Font)                  U/msb/m/n --> U/msb/m/n on input line 40.
\c@bean=\count101
\c@beanRoman=\count102
\c@beanAlpha=\count103
\c@beanalpha=\count104
\c@beanroman=\count105
\c@beanarabic=\count106
\c@beansymbol=\count107
) (preamble\DISS_pream_ams.tex
\c@thm=\count108
\c@ax=\count109
\c@defn=\count110
\c@rem=\count111
)
\@indexfile=\write3

Writing index file DISSc.idx
\@glossaryfile=\write4
Writing glossary file DISSc.glo
(DISSc.aux)
LaTeX Font Info:    Checking defaults for OML/cmm/m/it on input line 152.
LaTeX Font Info:    ... okay on input line 152.
LaTeX Font Info:    Checking defaults for T1/cmr/m/n on input line 152.
LaTeX Font Info:    ... okay on input line 152.
LaTeX Font Info:    Checking defaults for OT1/cmr/m/n on input line 152.
LaTeX Font Info:    ... okay on input line 152.
LaTeX Font Info:    Checking defaults for OMS/cmsy/m/n on input line 152.
LaTeX Font Info:    ... okay on input line 152.
LaTeX Font Info:    Checking defaults for OMX/cmex/m/n on input line 152.
LaTeX Font Info:    ... okay on input line 152.
LaTeX Font Info:    Checking defaults for U/cmr/m/n on input line 152.
LaTeX Font Info:    ... okay on input line 152.
LaTeX Font Info:    Try loading font information for OT1+ptm on input line 152.

 ("C:\Program Files\MiKTeX 2.5\tex\latex\psnfss\ot1ptm.fd"
File: ot1ptm.fd 2001/06/04 font definitions for OT1/ptm.
)
("C:\Program Files\MiKTeX 2.5\tex\context\base\supp-pdf.tex"
("C:\Program Files\MiKTeX 2.5\tex\context\base\supp-mis.tex"
loading : Context Support Macros / Miscellaneous (2004.10.26)
\protectiondepth=\count112
\scratchcounter=\count113
\scratchtoks=\toks27
\scratchdimen=\dimen124
\scratchskip=\skip50
\scratchmuskip=\muskip11
\scratchbox=\box28
\scratchread=\read2
\scratchwrite=\write5
\zeropoint=\dimen125
\onepoint=\dimen126
\onebasepoint=\dimen127
\minusone=\count114
\thousandpoint=\dimen128
\onerealpoint=\dimen129
\emptytoks=\toks28
\nextbox=\box29
\nextdepth=\dimen130
\everyline=\toks29
\!!counta=\count115
\!!countb=\count116
\recursecounter=\count117
)
loading : Context Support Macros / PDF (2004.03.26)
\nofMPsegments=\count118
\nofMParguments=\count119
\MPscratchCnt=\count120
\MPscratchDim=\dimen131
\MPnumerator=\count121
\everyMPtoPDFconversion=\toks30
) (preamble\DISS_abstract_titlepage.tex (preamble\DISS_name.tex)
(preamble\DISS_student.tex) (preamble\DISS_date.tex)) [1


{psfonts.map}]
(preamble\DISS_abstract.tex (preamble\DISS_name.tex)
(preamble\DISS_bystudentline.tex) (preamble\DISS_date.tex)
LaTeX Font Info:    Try loading font information for OT1+ptmcm on input line 36
.

("C:\Program Files\MiKTeX 2.5\tex\latex\psnfss\ot1ptmcm.fd"
File: ot1ptmcm.fd 2000/01/03 Fontinst v1.801 font definitions for OT1/ptmcm.
)
LaTeX Font Info:    Try loading font information for OML+ptmcm on input line 36
.

("C:\Program Files\MiKTeX 2.5\tex\latex\psnfss\omlptmcm.fd"
File: omlptmcm.fd 2000/01/03 Fontinst v1.801 font definitions for OML/ptmcm.
)
LaTeX Font Info:    Try loading font information for OMS+pzccm on input line 36
.

("C:\Program Files\MiKTeX 2.5\tex\latex\psnfss\omspzccm.fd"
File: omspzccm.fd 2000/01/03 Fontinst v1.801 font definitions for OMS/pzccm.
)
LaTeX Font Info:    Try loading font information for OMX+psycm on input line 36
.

("C:\Program Files\MiKTeX 2.5\tex\latex\psnfss\omxpsycm.fd"
File: omxpsycm.fd 2000/01/03 Fontinst v1.801 font definitions for OMX/psycm.
)
LaTeX Font Info:    Try loading font information for U+msa on input line 36.

("C:\Program Files\MiKTeX 2.5\tex\latex\amsfonts\umsa.fd"
File: umsa.fd 2002/01/19 v2.2g AMS font definitions
)
LaTeX Font Info:    Try loading font information for U+msb on input line 36.

("C:\Program Files\MiKTeX 2.5\tex\latex\amsfonts\umsb.fd"
File: umsb.fd 2002/01/19 v2.2g AMS font definitions
)
LaTeX Font Info:    Font shape `OT1/ptm/bx/n' in size <12> not available
(Font)              Font shape `OT1/ptm/b/n' tried instead on input line 36.
LaTeX Font Info:    Font shape `OT1/ptm/bx/n' in size <9> not available
(Font)              Font shape `OT1/ptm/b/n' tried instead on input line 36.
LaTeX Font Info:    Font shape `OT1/ptm/bx/n' in size <7> not available
(Font)              Font shape `OT1/ptm/b/n' tried instead on input line 36.
) [1

]
(preamble\DISS_copyright.tex (preamble\DISS_student.tex)
("C:\Documents and Settings\matt\Desktop\usmdiss_html\preamble\DISS_year.tex"))
[1] (preamble\DISS_titlepage.tex (preamble\DISS_name.tex)
(preamble\DISS_studentline.tex) (preamble\DISS_date.tex) [2

]) [3]
(preamble\DISS_dedication.tex
LaTeX Font Info:    Font shape `OT1/ptm/bx/n' in size <14.4> not available
(Font)              Font shape `OT1/ptm/b/n' tried instead on input line 6.
) [2

] (DISSc.toc)
\tf@toc=\write6
\c@abspage=\count122
\c@ackpage=\count123
 [3

] (DISSc.lof)
\tf@lof=\write7
 [4

] (DISSc.lot)
\tf@lot=\write8

[5

] (preamble\DISS_abbreviations.tex)
\c@glosscount=\count124
 (glossary.tex [6


]
LaTeX Font Info:    Try loading font information for U+eus on input line 31.

("C:\Program Files\MiKTeX 2.5\tex\latex\amsfonts\ueus.fd"
File: ueus.fd 2002/01/19 v2.2g AMS font definitions
)
LaTeX Font Info:    Try loading font information for OT1+phv on input line 48.

("C:\Program Files\MiKTeX 2.5\tex\latex\psnfss\ot1phv.fd"
File: ot1phv.fd 2001/06/04 scalable font definitions for OT1/phv.
))
No file DISSc.gls.
[7

] (chapter\DISS_chap1.tex
Chapter 1.
[1


]) (chapter\DISS_chap2.tex [2]
Chapter 2.
<normal1.png, id=73, 182.1204pt x 143.8173pt>
File: normal1.png Graphic file (type png)
 <use normal1.png>

LaTeX Warning: `h' float specifier changed to `ht'.

[3

] <normal12.png, id=77, 150.68295pt x 118.5228pt>
File: normal12.png Graphic file (type png)
 <use normal12.png>
<normals12.png, id=78, 149.23755pt x 118.5228pt>
File: normals12.png Graphic file (type png)
 <use normals12.png>

LaTeX Warning: `h' float specifier changed to `ht'.

[4 <normal1.png (PNG copy)> <normal12.png (PNG copy)>]
<mattslide1.png, id=82, 87.08534pt x 85.63995pt>
File: mattslide1.png Graphic file (type png)
 <use mattslide1.png> [5 <normals12.png (PNG copy)> <mattslide1.png (PNG copy)>
]) (chapter\DISS_chap3.tex
[6]
Chapter 3.
<electro1.png, id=89, 464.73625pt x 337.26pt>
File: electro1.png Graphic file (type png)
 <use electro1.png>
Overfull \hbox (38.34256pt too wide) in paragraph at lines 29--30
[][] 
 []

LaTeX Font Info:    Font shape `OT1/ptm/bx/n' in size <10> not available
(Font)              Font shape `OT1/ptm/b/n' tried instead on input line 38.
LaTeX Font Info:    Font shape `OT1/ptm/bx/n' in size <7.4> not available
(Font)              Font shape `OT1/ptm/b/n' tried instead on input line 38.
LaTeX Font Info:    Font shape `OT1/ptm/bx/n' in size <6> not available
(Font)              Font shape `OT1/ptm/b/n' tried instead on input line 38.
[7

] <matlab3.png, id=93, 130.8087pt x 98.2872pt>
File: matlab3.png Graphic file (type png)
 <use matlab3.png>
<coin.png, id=94, 147.4308pt x 118.88416pt>
File: coin.png Graphic file (type png)
 <use coin.png>)
(chapter\DISS_appenda.tex [8 <electro1.png (PNG copy)> <matlab3.png (PNG copy)>
] [9 <coin.png (PNG copy)>]
Appendix A.

Underfull \hbox (badness 10000) in paragraph at lines 16--17

 []


Underfull \hbox (badness 10000) in paragraph at lines 52--55

 []

) (DISSc_nocite.tex) [10


] [11] (DISSc.bbl) [12


] (DISSc.ind [13



]) (DISSc.aux) ) 
Here is how much of TeX's memory you used:
 2843 strings out of 95419
 31072 string characters out of 1187299
 80304 words of memory out of 1078884
 5630 multiletter control sequences out of 60000
 48946 words of font info for 105 fonts, out of 1000000 for 2000
 14 hyphenation exceptions out of 8191
 28i,10n,24p,301b,251s stack positions out of 5000i,500n,10000p,200000b,32768s
PDF statistics:
 113 PDF objects out of 300000
 0 named destinations out of 300000
 36 words of extra memory for PDF output out of 10000
{8r.enc}<C:/Program Files/MiKTeX 2.5/fonts/type1/urw/times/utmr
8a.pfb><C:/Program Files/MiKTeX 2.5/fonts/type1/bluesky/ams/eusm10.pfb><C:/Prog
ram Files/MiKTeX 2.5/fonts/type1/urw/symbol/usyr.pfb><C:/Program Files/MiKTeX 2
.5/fonts/type1/bluesky/cm/cmss12.pfb><C:/Program Files/MiKTeX 2.5/fonts/type1/b
luesky/cm/cmr10.pfb><C:/Program Files/MiKTeX 2.5/fonts/type1/bluesky/cm/cmsy10.
pfb><C:/Program Files/MiKTeX 2.5/fonts/type1/urw/times/utmri8a.pfb><C:/Program 
Files/MiKTeX 2.5/fonts/type1/bluesky/cm/cmmi10.pfb><C:/Program Files/MiKTeX 2.5
/fonts/type1/urw/times/utmb8a.pfb><C:/Program Files/MiKTeX 2.5/fonts/type1/urw/
times/utmr8a.pfb>
Output written on DISSc.pdf (24 pages, 392291 bytes).
